<?xml version="1.0" encoding="UTF-8"?>
<testsuite xmlns:xsi="http://www.w3.org/2001/XMLSchema-instance" xsi:noNamespaceSchemaLocation="https://maven.apache.org/surefire/maven-surefire-plugin/xsd/surefire-test-report-3.0.xsd" version="3.0" name="org.example.phase3.SpecialGraphCases.CycleGraphColouringTest" time="0.036" tests="4" errors="0" skipped="0" failures="0">
  <properties>
[...]
</properties>
  <testcase name="testOddCycle" classname="org.example.phase3.SpecialGraphCases.CycleGraphColouringTest" time="0.021"/>
  <testcase name="testInvalidDegree" classname="org.example.phase3.SpecialGraphCases.CycleGraphColouringTest" time="0.001"/>
  <testcase name="testEvenCycle" classname="org.example.phase3.SpecialGraphCases.CycleGraphColouringTest" time="0.0"/>
  <testcase name="testInvalidCycle" classname="org.example.phase3.SpecialGraphCases.CycleGraphColouringTest" time="0.0"/>
</testsuite>